[2026-06-16T10:50:33Z] baseline seeded — certs:8 domains:20 ips:4
[2026-06-16T11:08:58Z] NEW ip  104.21.2.244  [dns (olx.express-paycore24.cfd) / Cloudflare-edge]
[2026-06-16T11:08:58Z] NEW ip  172.67.129.215  [dns (olx.express-paycore24.cfd) / Cloudflare-edge]
[2026-06-16T11:08:58Z] 2 new indicator(s) this run
[2026-06-16T12:17:27Z] candidate cert  corepay.app  [ct-log (token candidate — review)]
[2026-06-16T12:17:27Z] candidate cert  paycore  [ct-log (token candidate — review)]
[2026-06-16T12:17:27Z] candidate cert  paycore--vpn.wildixin.com  [ct-log (token candidate — review)]
[2026-06-16T12:17:27Z] candidate cert  paycore.com.eg  [ct-log (token candidate — review)]
[2026-06-16T12:17:27Z] candidate cert  paycore.eg  [ct-log (token candidate — review)]
[2026-06-16T12:17:27Z] candidate cert  paycore.wildixin.com  [ct-log (token candidate — review)]
[2026-06-16T12:17:27Z] NEW ip  104.21.76.96  [dns (subito.cam) / Cloudflare-edge]
[2026-06-16T12:17:27Z] NEW ip  172.67.192.112  [dns (subito.cam) / Cloudflare-edge]
[2026-06-16T12:17:27Z] NEW ip  2606:4700:3030::ac43:c070  [dns (subito.cam) / Cloudflare-edge]
[2026-06-16T12:17:27Z] NEW ip  2606:4700:3036::6815:4c60  [dns (subito.cam) / Cloudflare-edge]
[2026-06-16T12:17:27Z] 4 new indicator(s) this run
[2026-06-16T14:51:13Z] no new indicators
[2026-06-16T19:12:22Z] no new indicators
[2026-06-17T00:41:11Z] no new indicators
[2026-06-17T07:47:17Z] no new indicators
[2026-06-17T13:13:04Z] no new indicators
[2026-06-17T18:47:58Z] no new indicators
